\BOOKMARK [0][-]{Doc-Start}{ABSTRAK}{}% 1
\BOOKMARK [0][-]{Doc-Start}{ABSTRACT}{}% 2
\BOOKMARK [0][-]{chapter*.1}{Kata\040Pengantar}{}% 3
\BOOKMARK [0][-]{chapter*.3}{DAFTAR\040ISI}{}% 4
\BOOKMARK [0][-]{chapter*.4}{DAFTAR\040TABEL}{}% 5
\BOOKMARK [0][-]{chapter*.5}{DAFTAR\040GAMBAR}{}% 6
\BOOKMARK [0][-]{chapter*.6}{DAFTAR\040KODE\040SUMBER}{}% 7
\BOOKMARK [0][-]{chapter.1}{PENDAHULUAN}{}% 8
\BOOKMARK [1][-]{section.1.1}{Latar\040Belakang}{chapter.1}% 9
\BOOKMARK [1][-]{section.1.2}{Rumusan\040Masalah}{chapter.1}% 10
\BOOKMARK [1][-]{section.1.3}{Batasan\040Masalah}{chapter.1}% 11
\BOOKMARK [1][-]{section.1.4}{Tujuan}{chapter.1}% 12
\BOOKMARK [1][-]{section.1.5}{Manfaat}{chapter.1}% 13
\BOOKMARK [1][-]{section.1.6}{Metodologi}{chapter.1}% 14
\BOOKMARK [2][-]{subsection.1.6.1}{Penyusunan\040Proposal\040Tugas\040Akhir}{section.1.6}% 15
\BOOKMARK [2][-]{subsection.1.6.2}{Studi\040literatur}{section.1.6}% 16
\BOOKMARK [2][-]{subsection.1.6.3}{Desain\040dan\040Perancangan\040Sistem}{section.1.6}% 17
\BOOKMARK [2][-]{subsection.1.6.4}{Implementasi\040Sistem}{section.1.6}% 18
\BOOKMARK [2][-]{subsection.1.6.5}{Uji\040Coba\040dan\040Evaluasi}{section.1.6}% 19
\BOOKMARK [2][-]{subsection.1.6.6}{Penyusunan\040Buku\040Tugas\040Akhir}{section.1.6}% 20
\BOOKMARK [1][-]{section.1.7}{Sistematika\040Penulisan}{chapter.1}% 21
\BOOKMARK [0][-]{chapter.2}{DASAR\040TEORI}{}% 22
\BOOKMARK [1][-]{section.2.1}{Deskripsi\040Umum}{chapter.2}% 23
\BOOKMARK [2][-]{subsection.2.1.1}{SNMP}{section.2.1}% 24
\BOOKMARK [2][-]{subsection.2.1.2}{Publish-Subscribe}{section.2.1}% 25
\BOOKMARK [2][-]{subsection.2.1.3}{Websocket}{section.2.1}% 26
\BOOKMARK [2][-]{subsection.2.1.4}{Rabbitmq}{section.2.1}% 27
\BOOKMARK [2][-]{subsection.2.1.5}{Nagios}{section.2.1}% 28
\BOOKMARK [2][-]{subsection.2.1.6}{Raspberry\040Pi}{section.2.1}% 29
\BOOKMARK [2][-]{subsection.2.1.7}{Telegram}{section.2.1}% 30
\BOOKMARK [0][-]{chapter.3}{DESAIN\040DAN\040PERANCANGAN\040SISTEM}{}% 31
\BOOKMARK [1][-]{section.3.1}{Deskripsi\040Umum\040Sistem}{chapter.3}% 32
\BOOKMARK [1][-]{section.3.2}{Arsitektur\040Sistem}{chapter.3}% 33
\BOOKMARK [2][-]{subsection.3.2.1}{Desain\040Umum\040Sistem}{section.3.2}% 34
\BOOKMARK [2][-]{subsection.3.2.2}{Desain\040Publisher\040Server}{section.3.2}% 35
\BOOKMARK [2][-]{subsection.3.2.3}{Desain\040Publish-Subscribe\040Server}{section.3.2}% 36
\BOOKMARK [2][-]{subsection.3.2.4}{Desain\040Webserver}{section.3.2}% 37
\BOOKMARK [2][-]{subsection.3.2.5}{Desain\040Database\040Server}{section.3.2}% 38
\BOOKMARK [2][-]{subsection.3.2.6}{Desain\040REST\040API}{section.3.2}% 39
\BOOKMARK [0][-]{chapter.4}{IMPLEMENTASI}{}% 40
\BOOKMARK [1][-]{section.4.1}{Lingkungan\040Implementasi}{chapter.4}% 41
\BOOKMARK [1][-]{section.4.2}{Implementasi\040Publisher\040Server}{chapter.4}% 42
\BOOKMARK [2][-]{subsection.4.2.1}{Instalasi\040Nagios\040pada\040Server}{section.4.2}% 43
\BOOKMARK [2][-]{subsection.4.2.2}{Script\040NRPE\040untuk\040Pengambilan\040Data}{section.4.2}% 44
\BOOKMARK [1][-]{section.4.3}{Implementasi\040Publish-Subscribe\040Server}{chapter.4}% 45
\BOOKMARK [1][-]{section.4.4}{Implementasi\040Webserver}{chapter.4}% 46
\BOOKMARK [1][-]{section.4.5}{Implementasi\040REST\040API}{chapter.4}% 47
\BOOKMARK [0][-]{chapter.5}{PENGUJIAN\040DAN\040EVALUASI}{}% 48
\BOOKMARK [1][-]{section.5.1}{Lingkungan\040Uji\040Coba}{chapter.5}% 49
\BOOKMARK [1][-]{section.5.2}{Skenario\040Uji\040Coba}{chapter.5}% 50
\BOOKMARK [2][-]{subsection.5.2.1}{Skenario\040Uji\040Coba\040Fungsionalitas}{section.5.2}% 51
\BOOKMARK [3][-]{subsubsection.5.2.1.1}{Uji\040Pengguna\040Dapat\040Melihat\040Data\040Perangkat}{subsection.5.2.1}% 52
\BOOKMARK [4][-]{paragraph.5.2.1.1.1}{Uji\040Pengguna\040Dapat\040Melihat\040Detail\040Data\040Perangkat}{subsubsection.5.2.1.1}% 53
\BOOKMARK [4][-]{paragraph.5.2.1.1.2}{Uji\040Pengguna\040Dapat\040Mengubah\040Data\040Perangkat}{subsubsection.5.2.1.1}% 54
\BOOKMARK [4][-]{paragraph.5.2.1.1.3}{Uji\040Pengguna\040Dapat\040Menghapus\040Data\040Perangkat}{subsubsection.5.2.1.1}% 55
\BOOKMARK [3][-]{subsubsection.5.2.1.2}{Uji\040Pengguna\040Dapat\040Melakukan\040Subscribe\040pada\040Perangkat}{subsection.5.2.1}% 56
\BOOKMARK [3][-]{subsubsection.5.2.1.3}{Uji\040Pengguna\040Dapat\040Menghentikan\040Subscribe\040\(Unsubscribe\)\040pada\040Perangkat}{subsection.5.2.1}% 57
\BOOKMARK [3][-]{subsubsection.5.2.1.4}{Uji\040Pengguna\040Dapat\040Melakukan\040Monitoring\040atau\040Pemantauan\040pada\040Perangkat\040yang\040Telah\040Di-Subscribe}{subsection.5.2.1}% 58
\BOOKMARK [2][-]{subsection.5.2.2}{Skenario\040Uji\040Coba\040Performa}{section.5.2}% 59
\BOOKMARK [3][-]{subsubsection.5.2.2.1}{Uji\040Performa\040REST\040API}{subsection.5.2.2}% 60
\BOOKMARK [3][-]{subsubsection.5.2.2.2}{Uji\040Performa\040Publish-Subscribe}{subsection.5.2.2}% 61
\BOOKMARK [1][-]{section.5.3}{Hasil\040Uji\040Coba\040dan\040Evaluasi}{chapter.5}% 62
\BOOKMARK [2][-]{subsection.5.3.1}{Uji\040Fungsionalitas}{section.5.3}% 63
\BOOKMARK [3][-]{subsubsection.5.3.1.1}{Uji\040Pengguna\040Dapat\040Melihat\040Data\040Perangkat}{subsection.5.3.1}% 64
\BOOKMARK [2][-]{subsection.5.3.2}{Hasil\040Uji\040Performa}{section.5.3}% 65
\BOOKMARK [3][-]{subsubsection.5.3.2.1}{Hasil\040Uji\040Coba\040Performa\040pada\040REST\040API}{subsection.5.3.2}% 66
\BOOKMARK [3][-]{subsubsection.5.3.2.2}{Hasil\040Uji\040Coba\040Performa\040pada\040Publish-Subscribe}{subsection.5.3.2}% 67
\BOOKMARK [0][-]{chapter.6}{PENUTUP}{}% 68
\BOOKMARK [1][-]{section.6.1}{Kesimpulan}{chapter.6}% 69
\BOOKMARK [1][-]{section.6.2}{Saran}{chapter.6}% 70
\BOOKMARK [0][-]{chapter*.12}{DAFTAR\040PUSTAKA}{}% 71
\BOOKMARK [0][-]{appendix.A}{INSTALASI\040PERANGKAT\040LUNAK}{}% 72
\BOOKMARK [0][-]{appendix.B}{Konfigurasi}{}% 73
\BOOKMARK [0][-]{appendix*.13}{BIODATA\040PENULIS}{}% 74
